0 info it worked if it ends with ok
1 verbose cli [ '/usr/bin/node',
1 verbose cli   '/usr/bin/npm',
1 verbose cli   'install',
1 verbose cli   '-g',
1 verbose cli   'spaceship-prompt' ]
2 info using npm@3.5.2
3 info using node@v8.10.0
4 silly loadCurrentTree Starting
5 silly install loadCurrentTree
6 silly install readGlobalPackageData
7 silly fetchPackageMetaData spaceship-prompt
8 silly fetchNamedPackageData spaceship-prompt
9 silly mapToRegistry name spaceship-prompt
10 silly mapToRegistry using default registry
11 silly mapToRegistry registry https://registry.npmjs.org/
12 silly mapToRegistry uri https://registry.npmjs.org/spaceship-prompt
13 verbose get https://registry.npmjs.org/spaceship-prompt not expired, no request
14 silly install normalizeTree
15 silly loadCurrentTree Finishing
16 silly loadIdealTree Starting
17 silly install loadIdealTree
18 silly cloneCurrentTree Starting
19 silly install cloneCurrentTreeToIdealTree
20 silly cloneCurrentTree Finishing
21 silly loadShrinkwrap Starting
22 silly install loadShrinkwrap
23 silly loadShrinkwrap Finishing
24 silly loadAllDepsIntoIdealTree Starting
25 silly install loadAllDepsIntoIdealTree
26 silly resolveWithNewModule spaceship-prompt@3.9.0 checking installable status
27 silly cache add args [ 'spaceship-prompt', null ]
28 verbose cache add spec spaceship-prompt
29 silly cache add parsed spec Result {
29 silly cache add   raw: 'spaceship-prompt',
29 silly cache add   scope: null,
29 silly cache add   name: 'spaceship-prompt',
29 silly cache add   rawSpec: '',
29 silly cache add   spec: 'latest',
29 silly cache add   type: 'tag' }
30 silly addNamed spaceship-prompt@latest
31 verbose addNamed "latest" is being treated as a dist-tag for spaceship-prompt
32 info addNameTag [ 'spaceship-prompt', 'latest' ]
33 silly mapToRegistry name spaceship-prompt
34 silly mapToRegistry using default registry
35 silly mapToRegistry registry https://registry.npmjs.org/
36 silly mapToRegistry uri https://registry.npmjs.org/spaceship-prompt
37 verbose addNameTag registry:https://registry.npmjs.org/spaceship-prompt not in flight; fetching
38 verbose get https://registry.npmjs.org/spaceship-prompt not expired, no request
39 silly addNameTag next cb for spaceship-prompt with tag latest
40 silly addNamed spaceship-prompt@3.9.0
41 verbose addNamed "3.9.0" is a plain semver version for spaceship-prompt
42 silly cache afterAdd spaceship-prompt@3.9.0
43 verbose afterAdd /home/chris/.npm/spaceship-prompt/3.9.0/package/package.json not in flight; writing
44 verbose afterAdd /home/chris/.npm/spaceship-prompt/3.9.0/package/package.json written
45 silly loadAllDepsIntoIdealTree Finishing
46 silly idealTree:prePrune lib
46 silly idealTree:prePrune └── spaceship-prompt@3.9.0
47 silly loadIdealTree Finishing
48 silly currentTree lib
49 silly idealTree lib
49 silly idealTree └── spaceship-prompt@3.9.0
50 silly generateActionsToTake Starting
51 silly install generateActionsToTake
52 silly generateActionsToTake Finishing
53 silly diffTrees action count 1
54 silly diffTrees add spaceship-prompt@3.9.0
55 silly decomposeActions action count 8
56 silly decomposeActions fetch spaceship-prompt@3.9.0
57 silly decomposeActions extract spaceship-prompt@3.9.0
58 silly decomposeActions test spaceship-prompt@3.9.0
59 silly decomposeActions preinstall spaceship-prompt@3.9.0
60 silly decomposeActions build spaceship-prompt@3.9.0
61 silly decomposeActions install spaceship-prompt@3.9.0
62 silly decomposeActions postinstall spaceship-prompt@3.9.0
63 silly decomposeActions finalize spaceship-prompt@3.9.0
64 silly executeActions Starting
65 silly install executeActions
66 silly doSerial global-install 0
67 silly doParallel fetch 1
68 verbose makeDirectory /home/chris/.npm/_locks creation not in flight; initializing
69 silly makeDirectory /home/chris/.npm/_locks uid: 1000 gid: 1000
70 verbose lock using /home/chris/.npm/_locks/staging-3a08f0df5026584d.lock for /usr/local/lib/node_modules/.staging
71 silly doParallel extract 1
72 silly extract spaceship-prompt@3.9.0
73 verbose unbuild lib/node_modules/.staging/spaceship-prompt-a7f684ed
74 silly gentlyRm /usr/local/lib/node_modules/.staging/spaceship-prompt-a7f684ed is being purged from base /usr/local
75 verbose gentlyRm don't care about contents; nuking /usr/local/lib/node_modules/.staging/spaceship-prompt-a7f684ed
76 verbose tar unpack /home/chris/.npm/spaceship-prompt/3.9.0/package.tgz
77 verbose tar unpacking to /usr/local/lib/node_modules/.staging/spaceship-prompt-a7f684ed
78 silly gentlyRm /usr/local/lib/node_modules/.staging/spaceship-prompt-a7f684ed is being purged
79 verbose gentlyRm don't care about contents; nuking /usr/local/lib/node_modules/.staging/spaceship-prompt-a7f684ed
80 silly gunzTarPerm modes [ '755', '644' ]
81 silly gunzTarPerm extractEntry package.json
82 silly gunzTarPerm extractEntry LICENSE.md
83 silly gunzTarPerm extractEntry README.md
84 silly gunzTarPerm extractEntry spaceship.zsh
85 silly gunzTarPerm extractEntry lib/hooks.zsh
86 silly gunzTarPerm extractEntry lib/section.zsh
87 silly gunzTarPerm extractEntry lib/utils.zsh
88 silly gunzTarPerm extractEntry scripts/install.sh
89 silly gunzTarPerm extractEntry scripts/tests.sh
90 silly gunzTarPerm extractEntry scripts/uninstall.sh
91 silly gunzTarPerm extractEntry scripts/version.sh
92 silly gunzTarPerm extractEntry sections/aws.zsh
93 silly gunzTarPerm extractEntry sections/battery.zsh
94 silly gunzTarPerm extractEntry sections/char.zsh
95 silly gunzTarPerm extractEntry sections/conda.zsh
96 silly gunzTarPerm extractEntry sections/dir.zsh
97 silly gunzTarPerm extractEntry sections/docker.zsh
98 silly gunzTarPerm extractEntry sections/dotnet.zsh
99 silly gunzTarPerm extractEntry sections/elixir.zsh
100 silly gunzTarPerm extractEntry sections/elm.zsh
101 silly gunzTarPerm extractEntry sections/ember.zsh
102 silly gunzTarPerm extractEntry sections/exec_time.zsh
103 silly gunzTarPerm extractEntry sections/exit_code.zsh
104 silly gunzTarPerm modified mode [ 'sections/exit_code.zsh', 436, 420 ]
105 silly gunzTarPerm extractEntry sections/git_branch.zsh
106 silly gunzTarPerm extractEntry sections/git_status.zsh
107 silly gunzTarPerm extractEntry sections/git.zsh
108 silly gunzTarPerm extractEntry sections/golang.zsh
109 silly gunzTarPerm extractEntry sections/haskell.zsh
110 silly gunzTarPerm modified mode [ 'sections/haskell.zsh', 436, 420 ]
111 silly gunzTarPerm extractEntry sections/hg_branch.zsh
112 silly gunzTarPerm modified mode [ 'sections/hg_branch.zsh', 436, 420 ]
113 silly gunzTarPerm extractEntry sections/hg_status.zsh
114 silly gunzTarPerm extractEntry sections/hg.zsh
115 silly gunzTarPerm modified mode [ 'sections/hg.zsh', 436, 420 ]
116 silly gunzTarPerm extractEntry sections/host.zsh
117 silly gunzTarPerm modified mode [ 'sections/host.zsh', 436, 420 ]
118 silly gunzTarPerm extractEntry sections/jobs.zsh
119 silly gunzTarPerm extractEntry sections/julia.zsh
120 silly gunzTarPerm modified mode [ 'sections/julia.zsh', 436, 420 ]
121 silly gunzTarPerm extractEntry sections/kubecontext.zsh
122 silly gunzTarPerm extractEntry sections/line_sep.zsh
123 silly gunzTarPerm extractEntry sections/node.zsh
124 silly gunzTarPerm extractEntry sections/package.zsh
125 silly gunzTarPerm extractEntry sections/php.zsh
126 silly gunzTarPerm extractEntry sections/pyenv.zsh
127 silly gunzTarPerm extractEntry sections/ruby.zsh
128 silly gunzTarPerm extractEntry sections/rust.zsh
129 silly gunzTarPerm extractEntry sections/swift.zsh
130 silly gunzTarPerm extractEntry sections/terraform.zsh
131 silly gunzTarPerm extractEntry sections/time.zsh
132 silly gunzTarPerm extractEntry sections/user.zsh
133 silly gunzTarPerm extractEntry sections/venv.zsh
134 silly gunzTarPerm extractEntry sections/vi_mode.zsh
135 silly gunzTarPerm extractEntry sections/xcode.zsh
136 silly gentlyRm /usr/local/lib/node_modules/.staging/spaceship-prompt-a7f684ed/node_modules is being purged
137 verbose gentlyRm don't care about contents; nuking /usr/local/lib/node_modules/.staging/spaceship-prompt-a7f684ed/node_modules
138 silly doParallel preinstall 1
139 silly preinstall spaceship-prompt@3.9.0 /usr/local/lib/node_modules/.staging/spaceship-prompt-a7f684ed
140 info lifecycle spaceship-prompt@3.9.0~preinstall: spaceship-prompt@3.9.0
141 silly lifecycle spaceship-prompt@3.9.0~preinstall: no script for preinstall, continuing
142 silly doReverseSerial remove 0
143 silly doSerial move 0
144 silly doSerial finalize 1
145 silly finalize /usr/local/lib/node_modules/spaceship-prompt
146 silly doSerial build 1
147 silly build spaceship-prompt@3.9.0
148 info linkStuff spaceship-prompt@3.9.0
149 silly linkStuff spaceship-prompt@3.9.0 has /usr/local/lib/node_modules as its parent node_modules
150 silly linkStuff spaceship-prompt@3.9.0 is part of a global install
151 silly linkStuff spaceship-prompt@3.9.0 is installed into a global node_modules
152 silly linkStuff spaceship-prompt@3.9.0 is installed into the top-level global node_modules
153 verbose linkBins spaceship-prompt@3.9.0
154 verbose linkMans spaceship-prompt@3.9.0
155 silly doSerial global-link 0
156 silly doParallel update-linked 0
157 silly doSerial install 1
158 silly install spaceship-prompt@3.9.0 /usr/local/lib/node_modules/.staging/spaceship-prompt-a7f684ed
159 info lifecycle spaceship-prompt@3.9.0~install: spaceship-prompt@3.9.0
160 silly lifecycle spaceship-prompt@3.9.0~install: no script for install, continuing
161 silly doSerial postinstall 1
162 silly postinstall spaceship-prompt@3.9.0 /usr/local/lib/node_modules/.staging/spaceship-prompt-a7f684ed
163 info lifecycle spaceship-prompt@3.9.0~postinstall: spaceship-prompt@3.9.0
164 verbose lifecycle spaceship-prompt@3.9.0~postinstall: unsafe-perm in lifecycle false
165 verbose lifecycle spaceship-prompt@3.9.0~postinstall: PATH: /usr/share/npm/bin/node-gyp-bin:/usr/local/lib/node_modules/spaceship-prompt/node_modules/.bin:/usr/local/lib/node_modules/.bin:/usr/local/sbin:/usr/local/bin:/usr/sbin:/usr/bin:/sbin:/bin:/snap/bin
166 verbose lifecycle spaceship-prompt@3.9.0~postinstall: CWD: /usr/local/lib/node_modules/spaceship-prompt
167 silly lifecycle spaceship-prompt@3.9.0~postinstall: Args: [ '-c', './scripts/install.sh' ]
168 silly lifecycle spaceship-prompt@3.9.0~postinstall: Returned: code: 1  signal: null
169 info lifecycle spaceship-prompt@3.9.0~postinstall: Failed to exec postinstall script
170 verbose unlock done using /home/chris/.npm/_locks/staging-3a08f0df5026584d.lock for /usr/local/lib/node_modules/.staging
171 silly rollbackFailedOptional Starting
172 silly rollbackFailedOptional Finishing
173 silly runTopLevelLifecycles Starting
174 silly runTopLevelLifecycles Finishing
175 silly install printInstalled
176 verbose stack Error: spaceship-prompt@3.9.0 postinstall: `./scripts/install.sh`
176 verbose stack Exit status 1
176 verbose stack     at EventEmitter.<anonymous> (/usr/share/npm/lib/utils/lifecycle.js:232:16)
176 verbose stack     at emitTwo (events.js:126:13)
176 verbose stack     at EventEmitter.emit (events.js:214:7)
176 verbose stack     at ChildProcess.<anonymous> (/usr/share/npm/lib/utils/spawn.js:24:14)
176 verbose stack     at emitTwo (events.js:126:13)
176 verbose stack     at ChildProcess.emit (events.js:214:7)
176 verbose stack     at maybeClose (internal/child_process.js:925:16)
176 verbose stack     at Process.ChildProcess._handle.onexit (internal/child_process.js:209:5)
177 verbose pkgid spaceship-prompt@3.9.0
178 verbose cwd /home/chris/Documents/work/monitor-api
179 error Linux 4.15.0-43-generic
180 error argv "/usr/bin/node" "/usr/bin/npm" "install" "-g" "spaceship-prompt"
181 error node v8.10.0
182 error npm  v3.5.2
183 error code ELIFECYCLE
184 error spaceship-prompt@3.9.0 postinstall: `./scripts/install.sh`
184 error Exit status 1
185 error Failed at the spaceship-prompt@3.9.0 postinstall script './scripts/install.sh'.
185 error Make sure you have the latest version of node.js and npm installed.
185 error If you do, this is most likely a problem with the spaceship-prompt package,
185 error not with npm itself.
185 error Tell the author that this fails on your system:
185 error     ./scripts/install.sh
185 error You can get information on how to open an issue for this project with:
185 error     npm bugs spaceship-prompt
185 error Or if that isn't available, you can get their info via:
185 error     npm owner ls spaceship-prompt
185 error There is likely additional logging output above.
186 verbose exit [ 1, true ]
